2015-01-28 16:24:53,193 - ResourceManager : found trueandfalse.vm with loader org.apache.velocity.runtime.resource.loader.ClasspathResourceLoader
2015-01-28 16:24:53,194 - ResourceManager : found main.vm with loader org.apache.velocity.runtime.resource.loader.ClasspathResourceLoader
2015-01-28 16:24:53,194 - ResourceManager : found source.vm with loader org.apache.velocity.runtime.resource.loader.ClasspathResourceLoader
2015-01-28 16:24:53,194 - ResourceManager : found result.vm with loader org.apache.velocity.runtime.resource.loader.ClasspathResourceLoader
2015-01-28 16:24:53,194 - ResourceManager : found trueandfalse.vm with loader org.apache.velocity.runtime.resource.loader.ClasspathResourceLoader
2015-01-28 16:24:53,194 - ResourceManager : found main.vm with loader org.apache.velocity.runtime.resource.loader.ClasspathResourceLoader
2015-01-28 16:24:53,194 - ResourceManager : found source.vm with loader org.apache.velocity.runtime.resource.loader.ClasspathResourceLoader
2015-01-28 16:24:53,194 - ResourceManager : found result.vm with loader org.apache.velocity.runtime.resource.loader.ClasspathResourceLoader
2015-01-28 16:24:53,194 - ResourceManager : found trueandfalse.vm with loader org.apache.velocity.runtime.resource.loader.ClasspathResourceLoader
2015-01-28 16:24:53,195 - ResourceManager : found main.vm with loader org.apache.velocity.runtime.resource.loader.ClasspathResourceLoader
2015-01-28 16:24:53,195 - ResourceManager : found source.vm with loader org.apache.velocity.runtime.resource.loader.ClasspathResourceLoader
2015-01-28 16:24:53,195 - ResourceManager : found result.vm with loader org.apache.velocity.runtime.resource.loader.ClasspathResourceLoader
2015-01-28 16:24:53,195 - ResourceManager : found trueandfalse.vm with loader org.apache.velocity.runtime.resource.loader.ClasspathResourceLoader
2015-01-28 16:24:53,195 - ResourceManager : found main.vm with loader org.apache.velocity.runtime.resource.loader.ClasspathResourceLoader
2015-01-28 16:24:53,195 - ResourceManager : found source.vm with loader org.apache.velocity.runtime.resource.loader.ClasspathResourceLoader
2015-01-28 16:24:53,195 - ResourceManager : found result.vm with loader org.apache.velocity.runtime.resource.loader.ClasspathResourceLoader
2015-01-28 16:24:53,195 - ResourceManager : found trueandfalse.vm with loader org.apache.velocity.runtime.resource.loader.ClasspathResourceLoader
2015-01-28 16:24:53,195 - ResourceManager : found main.vm with loader org.apache.velocity.runtime.resource.loader.ClasspathResourceLoader
2015-01-28 16:24:53,195 - ResourceManager : found source.vm with loader org.apache.velocity.runtime.resource.loader.ClasspathResourceLoader
2015-01-28 16:24:53,196 - ResourceManager : found result.vm with loader org.apache.velocity.runtime.resource.loader.ClasspathResourceLoader
2015-01-28 16:24:53,196 - ResourceManager : found trueandfalse.vm with loader org.apache.velocity.runtime.resource.loader.ClasspathResourceLoader
2015-01-28 16:24:53,196 - ResourceManager : found main.vm with loader org.apache.velocity.runtime.resource.loader.ClasspathResourceLoader
2015-01-28 16:24:53,196 - ResourceManager : found source.vm with loader org.apache.velocity.runtime.resource.loader.ClasspathResourceLoader
2015-01-28 16:24:53,196 - ResourceManager : found result.vm with loader org.apache.velocity.runtime.resource.loader.ClasspathResourceLoader
2015-01-28 16:24:53,196 - ResourceManager : found trueandfalse.vm with loader org.apache.velocity.runtime.resource.loader.ClasspathResourceLoader
2015-01-28 16:24:53,196 - ResourceManager : found main.vm with loader org.apache.velocity.runtime.resource.loader.ClasspathResourceLoader
2015-01-28 16:24:53,196 - ResourceManager : found source.vm with loader org.apache.velocity.runtime.resource.loader.ClasspathResourceLoader
2015-01-28 16:24:53,196 - ResourceManager : found result.vm with loader org.apache.velocity.runtime.resource.loader.ClasspathResourceLoader
2015-01-28 16:24:53,196 - ResourceManager : found trueandfalse.vm with loader org.apache.velocity.runtime.resource.loader.ClasspathResourceLoader
2015-01-28 16:24:53,197 - ResourceManager : found main.vm with loader org.apache.velocity.runtime.resource.loader.ClasspathResourceLoader
2015-01-28 16:24:53,197 - ResourceManager : found source.vm with loader org.apache.velocity.runtime.resource.loader.ClasspathResourceLoader
2015-01-28 16:24:53,197 - ResourceManager : found result.vm with loader org.apache.velocity.runtime.resource.loader.ClasspathResourceLoader
2015-01-28 16:24:53,197 - ResourceManager : found trueandfalse.vm with loader org.apache.velocity.runtime.resource.loader.ClasspathResourceLoader
2015-01-28 16:24:53,197 - ResourceManager : found main.vm with loader org.apache.velocity.runtime.resource.loader.ClasspathResourceLoader
2015-01-28 16:24:53,197 - ResourceManager : found source.vm with loader org.apache.velocity.runtime.resource.loader.ClasspathResourceLoader
2015-01-28 16:24:53,197 - ResourceManager : found result.vm with loader org.apache.velocity.runtime.resource.loader.ClasspathResourceLoader
2015-01-28 16:24:53,197 - ResourceManager : found trueandfalse.vm with loader org.apache.velocity.runtime.resource.loader.ClasspathResourceLoader
2015-01-28 16:24:53,197 - ResourceManager : found main.vm with loader org.apache.velocity.runtime.resource.loader.ClasspathResourceLoader
2015-01-28 16:24:53,197 - ResourceManager : found source.vm with loader org.apache.velocity.runtime.resource.loader.ClasspathResourceLoader
2015-01-28 16:24:53,197 - ResourceManager : found result.vm with loader org.apache.velocity.runtime.resource.loader.ClasspathResourceLoader
2015-01-28 16:24:53,197 - ResourceManager : found trueandfalse.vm with loader org.apache.velocity.runtime.resource.loader.ClasspathResourceLoader
2015-01-28 16:24:53,198 - ResourceManager : found main.vm with loader org.apache.velocity.runtime.resource.loader.ClasspathResourceLoader
2015-01-28 16:24:53,198 - ResourceManager : found source.vm with loader org.apache.velocity.runtime.resource.loader.ClasspathResourceLoader
2015-01-28 16:24:53,198 - ResourceManager : found result.vm with loader org.apache.velocity.runtime.resource.loader.ClasspathResourceLoader
2015-01-28 16:24:53,198 - ResourceManager : found trueandfalse.vm with loader org.apache.velocity.runtime.resource.loader.ClasspathResourceLoader
2015-01-28 16:24:53,198 - ResourceManager : found main.vm with loader org.apache.velocity.runtime.resource.loader.ClasspathResourceLoader
2015-01-28 16:24:53,198 - ResourceManager : found source.vm with loader org.apache.velocity.runtime.resource.loader.ClasspathResourceLoader
2015-01-28 16:24:53,198 - ResourceManager : found result.vm with loader org.apache.velocity.runtime.resource.loader.ClasspathResourceLoader
2015-01-28 16:24:53,198 - ResourceManager : found trueandfalse.vm with loader org.apache.velocity.runtime.resource.loader.ClasspathResourceLoader
2015-01-28 16:24:53,198 - ResourceManager : found main.vm with loader org.apache.velocity.runtime.resource.loader.ClasspathResourceLoader
2015-01-28 16:24:53,198 - ResourceManager : found source.vm with loader org.apache.velocity.runtime.resource.loader.ClasspathResourceLoader
2015-01-28 16:24:53,198 - ResourceManager : found result.vm with loader org.apache.velocity.runtime.resource.loader.ClasspathResourceLoader
2015-01-28 16:24:53,198 - ResourceManager : found trueandfalse.vm with loader org.apache.velocity.runtime.resource.loader.ClasspathResourceLoader
2015-01-28 16:24:53,199 - ResourceManager : found main.vm with loader org.apache.velocity.runtime.resource.loader.ClasspathResourceLoader
2015-01-28 16:24:53,199 - ResourceManager : found source.vm with loader org.apache.velocity.runtime.resource.loader.ClasspathResourceLoader
2015-01-28 16:24:53,199 - ResourceManager : found result.vm with loader org.apache.velocity.runtime.resource.loader.ClasspathResourceLoader
2015-01-28 16:24:53,199 - ResourceManager : found trueandfalse.vm with loader org.apache.velocity.runtime.resource.loader.ClasspathResourceLoader
2015-01-28 16:24:53,199 - ResourceManager : found main.vm with loader org.apache.velocity.runtime.resource.loader.ClasspathResourceLoader
2015-01-28 16:24:53,199 - ResourceManager : found source.vm with loader org.apache.velocity.runtime.resource.loader.ClasspathResourceLoader
2015-01-28 16:24:53,199 - ResourceManager : found result.vm with loader org.apache.velocity.runtime.resource.loader.ClasspathResourceLoader
2015-01-28 16:24:53,199 - ResourceManager : found trueandfalse.vm with loader org.apache.velocity.runtime.resource.loader.ClasspathResourceLoader
2015-01-28 16:24:53,200 - ResourceManager : found main.vm with loader org.apache.velocity.runtime.resource.loader.ClasspathResourceLoader
2015-01-28 16:24:53,200 - ResourceManager : found source.vm with loader org.apache.velocity.runtime.resource.loader.ClasspathResourceLoader
2015-01-28 16:24:53,200 - ResourceManager : found result.vm with loader org.apache.velocity.runtime.resource.loader.ClasspathResourceLoader
2015-01-28 16:24:53,200 - ResourceManager : found trueandfalse.vm with loader org.apache.velocity.runtime.resource.loader.ClasspathResourceLoader
2015-01-28 16:24:53,200 - ResourceManager : found main.vm with loader org.apache.velocity.runtime.resource.loader.ClasspathResourceLoader
2015-01-28 16:24:53,200 - ResourceManager : found source.vm with loader org.apache.velocity.runtime.resource.loader.ClasspathResourceLoader
2015-01-28 16:24:53,200 - ResourceManager : found result.vm with loader org.apache.velocity.runtime.resource.loader.ClasspathResourceLoader
2015-01-28 16:24:53,200 - ResourceManager : found trueandfalse.vm with loader org.apache.velocity.runtime.resource.loader.ClasspathResourceLoader
2015-01-28 16:24:53,200 - ResourceManager : found main.vm with loader org.apache.velocity.runtime.resource.loader.ClasspathResourceLoader
2015-01-28 16:24:53,200 - ResourceManager : found source.vm with loader org.apache.velocity.runtime.resource.loader.ClasspathResourceLoader
2015-01-28 16:24:53,200 - ResourceManager : found result.vm with loader org.apache.velocity.runtime.resource.loader.ClasspathResourceLoader
2015-01-28 16:24:53,200 - ResourceManager : found trueandfalse.vm with loader org.apache.velocity.runtime.resource.loader.ClasspathResourceLoader
2015-01-28 16:24:53,201 - ResourceManager : found main.vm with loader org.apache.velocity.runtime.resource.loader.ClasspathResourceLoader
2015-01-28 16:24:53,201 - ResourceManager : found source.vm with loader org.apache.velocity.runtime.resource.loader.ClasspathResourceLoader
2015-01-28 16:24:53,201 - ResourceManager : found result.vm with loader org.apache.velocity.runtime.resource.loader.ClasspathResourceLoader
2015-01-28 16:24:53,201 - ResourceManager : found trueandfalse.vm with loader org.apache.velocity.runtime.resource.loader.ClasspathResourceLoader
2015-01-28 16:24:53,201 - ResourceManager : found main.vm with loader org.apache.velocity.runtime.resource.loader.ClasspathResourceLoader
2015-01-28 16:24:53,201 - ResourceManager : found source.vm with loader org.apache.velocity.runtime.resource.loader.ClasspathResourceLoader
2015-01-28 16:24:53,201 - ResourceManager : found result.vm with loader org.apache.velocity.runtime.resource.loader.ClasspathResourceLoader
2015-01-28 16:24:53,201 - ResourceManager : found trueandfalse.vm with loader org.apache.velocity.runtime.resource.loader.ClasspathResourceLoader
2015-01-28 16:24:53,201 - ResourceManager : found main.vm with loader org.apache.velocity.runtime.resource.loader.ClasspathResourceLoader
2015-01-28 16:24:53,202 - ResourceManager : found source.vm with loader org.apache.velocity.runtime.resource.loader.ClasspathResourceLoader
2015-01-28 16:24:53,202 - ResourceManager : found result.vm with loader org.apache.velocity.runtime.resource.loader.ClasspathResourceLoader
2015-01-28 16:24:53,202 - ResourceManager : found trueandfalse.vm with loader org.apache.velocity.runtime.resource.loader.ClasspathResourceLoader
2015-01-28 16:24:53,202 - ResourceManager : found main.vm with loader org.apache.velocity.runtime.resource.loader.ClasspathResourceLoader
2015-01-28 16:24:53,202 - ResourceManager : found source.vm with loader org.apache.velocity.runtime.resource.loader.ClasspathResourceLoader
2015-01-28 16:24:53,202 - ResourceManager : found result.vm with loader org.apache.velocity.runtime.resource.loader.ClasspathResourceLoader
2015-01-28 16:24:53,202 - ResourceManager : found trueandfalse.vm with loader org.apache.velocity.runtime.resource.loader.ClasspathResourceLoader
2015-01-28 16:24:53,202 - ResourceManager : found main.vm with loader org.apache.velocity.runtime.resource.loader.ClasspathResourceLoader
2015-01-28 16:24:53,202 - ResourceManager : found source.vm with loader org.apache.velocity.runtime.resource.loader.ClasspathResourceLoader
2015-01-28 16:24:53,202 - ResourceManager : found result.vm with loader org.apache.velocity.runtime.resource.loader.ClasspathResourceLoader
2015-01-28 16:24:53,202 - ResourceManager : found trueandfalse.vm with loader org.apache.velocity.runtime.resource.loader.ClasspathResourceLoader
2015-01-28 16:24:53,203 - ResourceManager : found main.vm with loader org.apache.velocity.runtime.resource.loader.ClasspathResourceLoader
2015-01-28 16:24:53,203 - ResourceManager : found source.vm with loader org.apache.velocity.runtime.resource.loader.ClasspathResourceLoader
2015-01-28 16:24:53,203 - ResourceManager : found result.vm with loader org.apache.velocity.runtime.resource.loader.ClasspathResourceLoader
2015-01-28 16:24:53,203 - ResourceManager : found trueandfalse.vm with loader org.apache.velocity.runtime.resource.loader.ClasspathResourceLoader
2015-01-28 16:24:53,203 - ResourceManager : found main.vm with loader org.apache.velocity.runtime.resource.loader.ClasspathResourceLoader
2015-01-28 16:24:53,203 - ResourceManager : found source.vm with loader org.apache.velocity.runtime.resource.loader.ClasspathResourceLoader
2015-01-28 16:24:53,203 - ResourceManager : found result.vm with loader org.apache.velocity.runtime.resource.loader.ClasspathResourceLoader
2015-01-28 16:24:53,203 - ResourceManager : found trueandfalse.vm with loader org.apache.velocity.runtime.resource.loader.ClasspathResourceLoader
2015-01-28 16:24:53,204 - ResourceManager : found main.vm with loader org.apache.velocity.runtime.resource.loader.ClasspathResourceLoader
2015-01-28 16:24:53,204 - ResourceManager : found source.vm with loader org.apache.velocity.runtime.resource.loader.ClasspathResourceLoader
2015-01-28 16:24:53,204 - ResourceManager : found result.vm with loader org.apache.velocity.runtime.resource.loader.ClasspathResourceLoader
2015-01-28 16:24:53,204 - ResourceManager : found trueandfalse.vm with loader org.apache.velocity.runtime.resource.loader.ClasspathResourceLoader
2015-01-28 16:24:53,204 - ResourceManager : found main.vm with loader org.apache.velocity.runtime.resource.loader.ClasspathResourceLoader
2015-01-28 16:24:53,204 - ResourceManager : found source.vm with loader org.apache.velocity.runtime.resource.loader.ClasspathResourceLoader
2015-01-28 16:24:53,204 - ResourceManager : found result.vm with loader org.apache.velocity.runtime.resource.loader.ClasspathResourceLoader
2015-01-28 16:24:53,204 - ResourceManager : found trueandfalse.vm with loader org.apache.velocity.runtime.resource.loader.ClasspathResourceLoader
2015-01-28 16:24:53,204 - ResourceManager : found main.vm with loader org.apache.velocity.runtime.resource.loader.ClasspathResourceLoader
2015-01-28 16:24:53,204 - ResourceManager : found source.vm with loader org.apache.velocity.runtime.resource.loader.ClasspathResourceLoader
2015-01-28 16:24:53,204 - ResourceManager : found result.vm with loader org.apache.velocity.runtime.resource.loader.ClasspathResourceLoader
2015-01-28 16:24:53,205 - ResourceManager : found trueandfalse.vm with loader org.apache.velocity.runtime.resource.loader.ClasspathResourceLoader
2015-01-28 16:24:53,205 - ResourceManager : found main.vm with loader org.apache.velocity.runtime.resource.loader.ClasspathResourceLoader
2015-01-28 16:24:53,205 - ResourceManager : found source.vm with loader org.apache.velocity.runtime.resource.loader.ClasspathResourceLoader
2015-01-28 16:24:53,205 - ResourceManager : found result.vm with loader org.apache.velocity.runtime.resource.loader.ClasspathResourceLoader
2015-01-28 16:24:53,205 - ResourceManager : found trueandfalse.vm with loader org.apache.velocity.runtime.resource.loader.ClasspathResourceLoader
2015-01-28 16:24:53,205 - ResourceManager : found main.vm with loader org.apache.velocity.runtime.resource.loader.ClasspathResourceLoader
2015-01-28 16:24:53,205 - ResourceManager : found source.vm with loader org.apache.velocity.runtime.resource.loader.ClasspathResourceLoader
2015-01-28 16:24:53,205 - ResourceManager : found result.vm with loader org.apache.velocity.runtime.resource.loader.ClasspathResourceLoader
2015-01-28 16:24:53,205 - ResourceManager : found trueandfalse.vm with loader org.apache.velocity.runtime.resource.loader.ClasspathResourceLoader
2015-01-28 16:24:53,205 - ResourceManager : found main.vm with loader org.apache.velocity.runtime.resource.loader.ClasspathResourceLoader
2015-01-28 16:24:53,205 - ResourceManager : found source.vm with loader org.apache.velocity.runtime.resource.loader.ClasspathResourceLoader
2015-01-28 16:24:53,205 - ResourceManager : found result.vm with loader org.apache.velocity.runtime.resource.loader.ClasspathResourceLoader
2015-01-28 16:24:53,206 - ResourceManager : found trueandfalse.vm with loader org.apache.velocity.runtime.resource.loader.ClasspathResourceLoader
2015-01-28 16:24:53,206 - ResourceManager : found main.vm with loader org.apache.velocity.runtime.resource.loader.ClasspathResourceLoader
2015-01-28 16:24:53,206 - ResourceManager : found source.vm with loader org.apache.velocity.runtime.resource.loader.ClasspathResourceLoader
2015-01-28 16:24:53,206 - ResourceManager : found result.vm with loader org.apache.velocity.runtime.resource.loader.ClasspathResourceLoader
2015-01-28 16:24:53,206 - ResourceManager : found trueandfalse.vm with loader org.apache.velocity.runtime.resource.loader.ClasspathResourceLoader
2015-01-28 16:24:53,206 - ResourceManager : found main.vm with loader org.apache.velocity.runtime.resource.loader.ClasspathResourceLoader
2015-01-28 16:24:53,206 - ResourceManager : found source.vm with loader org.apache.velocity.runtime.resource.loader.ClasspathResourceLoader
2015-01-28 16:24:53,206 - ResourceManager : found result.vm with loader org.apache.velocity.runtime.resource.loader.ClasspathResourceLoader
2015-01-28 16:24:53,206 - ResourceManager : found trueandfalse.vm with loader org.apache.velocity.runtime.resource.loader.ClasspathResourceLoader
2015-01-28 16:24:53,206 - ResourceManager : found main.vm with loader org.apache.velocity.runtime.resource.loader.ClasspathResourceLoader
2015-01-28 16:24:53,206 - ResourceManager : found source.vm with loader org.apache.velocity.runtime.resource.loader.ClasspathResourceLoader
2015-01-28 16:24:53,206 - ResourceManager : found result.vm with loader org.apache.velocity.runtime.resource.loader.ClasspathResourceLoader
2015-01-28 16:24:53,206 - ResourceManager : found trueandfalse.vm with loader org.apache.velocity.runtime.resource.loader.ClasspathResourceLoader
2015-01-28 16:24:53,207 - ResourceManager : found main.vm with loader org.apache.velocity.runtime.resource.loader.ClasspathResourceLoader
2015-01-28 16:24:53,207 - ResourceManager : found source.vm with loader org.apache.velocity.runtime.resource.loader.ClasspathResourceLoader
2015-01-28 16:24:53,207 - ResourceManager : found result.vm with loader org.apache.velocity.runtime.resource.loader.ClasspathResourceLoader
2015-01-28 16:24:53,207 - ResourceManager : found trueandfalse.vm with loader org.apache.velocity.runtime.resource.loader.ClasspathResourceLoader
2015-01-28 16:24:53,207 - ResourceManager : found main.vm with loader org.apache.velocity.runtime.resource.loader.ClasspathResourceLoader
2015-01-28 16:24:53,207 - ResourceManager : found source.vm with loader org.apache.velocity.runtime.resource.loader.ClasspathResourceLoader
2015-01-28 16:24:53,207 - ResourceManager : found result.vm with loader org.apache.velocity.runtime.resource.loader.ClasspathResourceLoader
2015-01-28 16:24:53,207 - ResourceManager : found trueandfalse.vm with loader org.apache.velocity.runtime.resource.loader.ClasspathResourceLoader
2015-01-28 16:24:53,207 - ResourceManager : found main.vm with loader org.apache.velocity.runtime.resource.loader.ClasspathResourceLoader
2015-01-28 16:24:53,207 - ResourceManager : found source.vm with loader org.apache.velocity.runtime.resource.loader.ClasspathResourceLoader
2015-01-28 16:24:53,207 - ResourceManager : found result.vm with loader org.apache.velocity.runtime.resource.loader.ClasspathResourceLoader
2015-01-28 16:24:53,207 - ResourceManager : found trueandfalse.vm with loader org.apache.velocity.runtime.resource.loader.ClasspathResourceLoader
2015-01-28 16:24:53,208 - ResourceManager : found main.vm with loader org.apache.velocity.runtime.resource.loader.ClasspathResourceLoader
2015-01-28 16:24:53,208 - ResourceManager : found source.vm with loader org.apache.velocity.runtime.resource.loader.ClasspathResourceLoader
2015-01-28 16:24:53,208 - ResourceManager : found result.vm with loader org.apache.velocity.runtime.resource.loader.ClasspathResourceLoader
2015-01-28 16:24:53,208 - ResourceManager : found trueandfalse.vm with loader org.apache.velocity.runtime.resource.loader.ClasspathResourceLoader
2015-01-28 16:24:53,208 - ResourceManager : found main.vm with loader org.apache.velocity.runtime.resource.loader.ClasspathResourceLoader
2015-01-28 16:24:53,208 - ResourceManager : found source.vm with loader org.apache.velocity.runtime.resource.loader.ClasspathResourceLoader
2015-01-28 16:24:53,208 - ResourceManager : found result.vm with loader org.apache.velocity.runtime.resource.loader.ClasspathResourceLoader
2015-01-28 16:24:53,208 - ResourceManager : found trueandfalse.vm with loader org.apache.velocity.runtime.resource.loader.ClasspathResourceLoader
2015-01-28 16:24:53,209 - ResourceManager : found main.vm with loader org.apache.velocity.runtime.resource.loader.ClasspathResourceLoader
2015-01-28 16:24:53,209 - ResourceManager : found source.vm with loader org.apache.velocity.runtime.resource.loader.ClasspathResourceLoader
2015-01-28 16:24:53,209 - ResourceManager : found result.vm with loader org.apache.velocity.runtime.resource.loader.ClasspathResourceLoader
2015-01-28 16:24:53,209 - ResourceManager : found trueandfalse.vm with loader org.apache.velocity.runtime.resource.loader.ClasspathResourceLoader
2015-01-28 16:24:53,209 - ResourceManager : found main.vm with loader org.apache.velocity.runtime.resource.loader.ClasspathResourceLoader
2015-01-28 16:24:53,209 - ResourceManager : found source.vm with loader org.apache.velocity.runtime.resource.loader.ClasspathResourceLoader
2015-01-28 16:24:53,209 - ResourceManager : found result.vm with loader org.apache.velocity.runtime.resource.loader.ClasspathResourceLoader
2015-01-28 16:24:53,209 - ResourceManager : found trueandfalse.vm with loader org.apache.velocity.runtime.resource.loader.ClasspathResourceLoader
2015-01-28 16:24:53,209 - ResourceManager : found main.vm with loader org.apache.velocity.runtime.resource.loader.ClasspathResourceLoader
2015-01-28 16:24:53,209 - ResourceManager : found source.vm with loader org.apache.velocity.runtime.resource.loader.ClasspathResourceLoader
2015-01-28 16:24:53,209 - ResourceManager : found result.vm with loader org.apache.velocity.runtime.resource.loader.ClasspathResourceLoader
2015-01-28 16:24:53,210 - ResourceManager : found trueandfalse.vm with loader org.apache.velocity.runtime.resource.loader.ClasspathResourceLoader
2015-01-28 16:24:53,210 - ResourceManager : found main.vm with loader org.apache.velocity.runtime.resource.loader.ClasspathResourceLoader
2015-01-28 16:24:53,210 - ResourceManager : found source.vm with loader org.apache.velocity.runtime.resource.loader.ClasspathResourceLoader
2015-01-28 16:24:53,210 - ResourceManager : found result.vm with loader org.apache.velocity.runtime.resource.loader.ClasspathResourceLoader
2015-01-28 16:24:53,210 - ResourceManager : found trueandfalse.vm with loader org.apache.velocity.runtime.resource.loader.ClasspathResourceLoader
2015-01-28 16:24:53,210 - ResourceManager : found main.vm with loader org.apache.velocity.runtime.resource.loader.ClasspathResourceLoader
2015-01-28 16:24:53,210 - ResourceManager : found source.vm with loader org.apache.velocity.runtime.resource.loader.ClasspathResourceLoader
2015-01-28 16:24:53,210 - ResourceManager : found result.vm with loader org.apache.velocity.runtime.resource.loader.ClasspathResourceLoader
2015-01-28 16:24:53,210 - ResourceManager : found trueandfalse.vm with loader org.apache.velocity.runtime.resource.loader.ClasspathResourceLoader
2015-01-28 16:24:53,211 - ResourceManager : found main.vm with loader org.apache.velocity.runtime.resource.loader.ClasspathResourceLoader
2015-01-28 16:24:53,211 - ResourceManager : found source.vm with loader org.apache.velocity.runtime.resource.loader.ClasspathResourceLoader
2015-01-28 16:24:53,211 - ResourceManager : found result.vm with loader org.apache.velocity.runtime.resource.loader.ClasspathResourceLoader
2015-01-28 16:24:53,211 - ResourceManager : found trueandfalse.vm with loader org.apache.velocity.runtime.resource.loader.ClasspathResourceLoader
2015-01-28 16:24:53,211 - ResourceManager : found main.vm with loader org.apache.velocity.runtime.resource.loader.ClasspathResourceLoader
2015-01-28 16:24:53,211 - ResourceManager : found source.vm with loader org.apache.velocity.runtime.resource.loader.ClasspathResourceLoader
2015-01-28 16:24:53,211 - ResourceManager : found result.vm with loader org.apache.velocity.runtime.resource.loader.ClasspathResourceLoader
2015-01-28 16:24:53,211 - ResourceManager : found trueandfalse.vm with loader org.apache.velocity.runtime.resource.loader.ClasspathResourceLoader
2015-01-28 16:24:53,211 - ResourceManager : found main.vm with loader org.apache.velocity.runtime.resource.loader.ClasspathResourceLoader
2015-01-28 16:24:53,211 - ResourceManager : found source.vm with loader org.apache.velocity.runtime.resource.loader.ClasspathResourceLoader
2015-01-28 16:24:53,211 - ResourceManager : found result.vm with loader org.apache.velocity.runtime.resource.loader.ClasspathResourceLoader
2015-01-28 16:24:53,211 - ResourceManager : found trueandfalse.vm with loader org.apache.velocity.runtime.resource.loader.ClasspathResourceLoader
2015-01-28 16:24:53,212 - ResourceManager : found main.vm with loader org.apache.velocity.runtime.resource.loader.ClasspathResourceLoader
2015-01-28 16:24:53,212 - ResourceManager : found source.vm with loader org.apache.velocity.runtime.resource.loader.ClasspathResourceLoader
2015-01-28 16:24:53,212 - ResourceManager : found result.vm with loader org.apache.velocity.runtime.resource.loader.ClasspathResourceLoader
2015-01-28 16:24:53,212 - ResourceManager : found trueandfalse.vm with loader org.apache.velocity.runtime.resource.loader.ClasspathResourceLoader
2015-01-28 16:24:53,212 - ResourceManager : found main.vm with loader org.apache.velocity.runtime.resource.loader.ClasspathResourceLoader
2015-01-28 16:24:53,212 - ResourceManager : found source.vm with loader org.apache.velocity.runtime.resource.loader.ClasspathResourceLoader
2015-01-28 16:24:53,212 - ResourceManager : found result.vm with loader org.apache.velocity.runtime.resource.loader.ClasspathResourceLoader
2015-01-28 16:24:53,212 - ResourceManager : found trueandfalse.vm with loader org.apache.velocity.runtime.resource.loader.ClasspathResourceLoader
2015-01-28 16:24:53,212 - ResourceManager : found main.vm with loader org.apache.velocity.runtime.resource.loader.ClasspathResourceLoader
2015-01-28 16:24:53,212 - ResourceManager : found source.vm with loader org.apache.velocity.runtime.resource.loader.ClasspathResourceLoader
2015-01-28 16:24:53,212 - ResourceManager : found result.vm with loader org.apache.velocity.runtime.resource.loader.ClasspathResourceLoader
2015-01-28 16:24:53,212 - ResourceManager : found trueandfalse.vm with loader org.apache.velocity.runtime.resource.loader.ClasspathResourceLoader
2015-01-28 16:24:53,213 - ResourceManager : found main.vm with loader org.apache.velocity.runtime.resource.loader.ClasspathResourceLoader
2015-01-28 16:24:53,213 - ResourceManager : found source.vm with loader org.apache.velocity.runtime.resource.loader.ClasspathResourceLoader
2015-01-28 16:24:53,213 - ResourceManager : found result.vm with loader org.apache.velocity.runtime.resource.loader.ClasspathResourceLoader
2015-01-28 16:24:53,213 - ResourceManager : found trueandfalse.vm with loader org.apache.velocity.runtime.resource.loader.ClasspathResourceLoader
2015-01-28 16:24:53,213 - ResourceManager : found main.vm with loader org.apache.velocity.runtime.resource.loader.ClasspathResourceLoader
2015-01-28 16:24:53,213 - ResourceManager : found source.vm with loader org.apache.velocity.runtime.resource.loader.ClasspathResourceLoader
2015-01-28 16:24:53,213 - ResourceManager : found result.vm with loader org.apache.velocity.runtime.resource.loader.ClasspathResourceLoader
2015-01-28 16:24:53,213 - ResourceManager : found trueandfalse.vm with loader org.apache.velocity.runtime.resource.loader.ClasspathResourceLoader
2015-01-28 16:24:53,213 - ResourceManager : found main.vm with loader org.apache.velocity.runtime.resource.loader.ClasspathResourceLoader
2015-01-28 16:24:53,214 - ResourceManager : found source.vm with loader org.apache.velocity.runtime.resource.loader.ClasspathResourceLoader
2015-01-28 16:24:53,214 - ResourceManager : found result.vm with loader org.apache.velocity.runtime.resource.loader.ClasspathResourceLoader
2015-01-28 16:24:53,214 - ResourceManager : found trueandfalse.vm with loader org.apache.velocity.runtime.resource.loader.ClasspathResourceLoader
2015-01-28 16:24:53,214 - ResourceManager : found main.vm with loader org.apache.velocity.runtime.resource.loader.ClasspathResourceLoader
2015-01-28 16:24:53,214 - ResourceManager : found source.vm with loader org.apache.velocity.runtime.resource.loader.ClasspathResourceLoader
2015-01-28 16:24:53,214 - ResourceManager : found result.vm with loader org.apache.velocity.runtime.resource.loader.ClasspathResourceLoader
2015-01-28 16:24:53,214 - ResourceManager : found trueandfalse.vm with loader org.apache.velocity.runtime.resource.loader.ClasspathResourceLoader
2015-01-28 16:24:53,214 - ResourceManager : found main.vm with loader org.apache.velocity.runtime.resource.loader.ClasspathResourceLoader
2015-01-28 16:24:53,214 - ResourceManager : found source.vm with loader org.apache.velocity.runtime.resource.loader.ClasspathResourceLoader
2015-01-28 16:24:53,214 - ResourceManager : found result.vm with loader org.apache.velocity.runtime.resource.loader.ClasspathResourceLoader
2015-01-28 16:24:53,214 - ResourceManager : found trueandfalse.vm with loader org.apache.velocity.runtime.resource.loader.ClasspathResourceLoader
2015-01-28 16:24:53,215 - ResourceManager : found main.vm with loader org.apache.velocity.runtime.resource.loader.ClasspathResourceLoader
2015-01-28 16:24:53,215 - ResourceManager : found source.vm with loader org.apache.velocity.runtime.resource.loader.ClasspathResourceLoader
2015-01-28 16:24:53,215 - ResourceManager : found result.vm with loader org.apache.velocity.runtime.resource.loader.ClasspathResourceLoader
2015-01-28 16:24:53,215 - ResourceManager : found trueandfalse.vm with loader org.apache.velocity.runtime.resource.loader.ClasspathResourceLoader
2015-01-28 16:24:53,215 - ResourceManager : found main.vm with loader org.apache.velocity.runtime.resource.loader.ClasspathResourceLoader
2015-01-28 16:24:53,215 - ResourceManager : found source.vm with loader org.apache.velocity.runtime.resource.loader.ClasspathResourceLoader
2015-01-28 16:24:53,215 - ResourceManager : found result.vm with loader org.apache.velocity.runtime.resource.loader.ClasspathResourceLoader
2015-01-28 16:24:53,215 - ResourceManager : found trueandfalse.vm with loader org.apache.velocity.runtime.resource.loader.ClasspathResourceLoader
2015-01-28 16:24:53,215 - ResourceManager : found main.vm with loader org.apache.velocity.runtime.resource.loader.ClasspathResourceLoader
2015-01-28 16:24:53,215 - ResourceManager : found source.vm with loader org.apache.velocity.runtime.resource.loader.ClasspathResourceLoader
2015-01-28 16:24:53,215 - ResourceManager : found result.vm with loader org.apache.velocity.runtime.resource.loader.ClasspathResourceLoader
2015-01-28 16:24:53,215 - ResourceManager : found trueandfalse.vm with loader org.apache.velocity.runtime.resource.loader.ClasspathResourceLoader
2015-01-28 16:24:53,216 - ResourceManager : found main.vm with loader org.apache.velocity.runtime.resource.loader.ClasspathResourceLoader
2015-01-28 16:24:53,216 - ResourceManager : found source.vm with loader org.apache.velocity.runtime.resource.loader.ClasspathResourceLoader
2015-01-28 16:24:53,216 - ResourceManager : found result.vm with loader org.apache.velocity.runtime.resource.loader.ClasspathResourceLoader
2015-01-28 16:24:53,216 - ResourceManager : found trueandfalse.vm with loader org.apache.velocity.runtime.resource.loader.ClasspathResourceLoader
2015-01-28 16:24:53,216 - ResourceManager : found main.vm with loader org.apache.velocity.runtime.resource.loader.ClasspathResourceLoader
2015-01-28 16:24:53,216 - ResourceManager : found source.vm with loader org.apache.velocity.runtime.resource.loader.ClasspathResourceLoader
2015-01-28 16:24:53,216 - ResourceManager : found result.vm with loader org.apache.velocity.runtime.resource.loader.ClasspathResourceLoader
2015-01-28 16:24:53,216 - ResourceManager : found trueandfalse.vm with loader org.apache.velocity.runtime.resource.loader.ClasspathResourceLoader
2015-01-28 16:24:53,216 - ResourceManager : found main.vm with loader org.apache.velocity.runtime.resource.loader.ClasspathResourceLoader
2015-01-28 16:24:53,216 - ResourceManager : found source.vm with loader org.apache.velocity.runtime.resource.loader.ClasspathResourceLoader
2015-01-28 16:24:53,216 - ResourceManager : found result.vm with loader org.apache.velocity.runtime.resource.loader.ClasspathResourceLoader
2015-01-28 16:24:53,216 - ResourceManager : found trueandfalse.vm with loader org.apache.velocity.runtime.resource.loader.ClasspathResourceLoader
2015-01-28 16:24:53,217 - ResourceManager : found main.vm with loader org.apache.velocity.runtime.resource.loader.ClasspathResourceLoader
2015-01-28 16:24:53,217 - ResourceManager : found source.vm with loader org.apache.velocity.runtime.resource.loader.ClasspathResourceLoader
2015-01-28 16:24:53,217 - ResourceManager : found result.vm with loader org.apache.velocity.runtime.resource.loader.ClasspathResourceLoader
2015-01-28 16:24:53,217 - ResourceManager : found trueandfalse.vm with loader org.apache.velocity.runtime.resource.loader.ClasspathResourceLoader
2015-01-28 16:24:53,217 - ResourceManager : found main.vm with loader org.apache.velocity.runtime.resource.loader.ClasspathResourceLoader
2015-01-28 16:24:53,217 - ResourceManager : found source.vm with loader org.apache.velocity.runtime.resource.loader.ClasspathResourceLoader
2015-01-28 16:24:53,217 - ResourceManager : found result.vm with loader org.apache.velocity.runtime.resource.loader.ClasspathResourceLoader
2015-01-28 16:24:53,217 - ResourceManager : found trueandfalse.vm with loader org.apache.velocity.runtime.resource.loader.ClasspathResourceLoader
2015-01-28 16:24:53,217 - ResourceManager : found main.vm with loader org.apache.velocity.runtime.resource.loader.ClasspathResourceLoader
2015-01-28 16:24:53,217 - ResourceManager : found source.vm with loader org.apache.velocity.runtime.resource.loader.ClasspathResourceLoader
2015-01-28 16:24:53,217 - ResourceManager : found result.vm with loader org.apache.velocity.runtime.resource.loader.ClasspathResourceLoader
2015-01-28 16:24:53,217 - ResourceManager : found trueandfalse.vm with loader org.apache.velocity.runtime.resource.loader.ClasspathResourceLoader
2015-01-28 16:24:53,218 - ResourceManager : found main.vm with loader org.apache.velocity.runtime.resource.loader.ClasspathResourceLoader
2015-01-28 16:24:53,218 - ResourceManager : found source.vm with loader org.apache.velocity.runtime.resource.loader.ClasspathResourceLoader
2015-01-28 16:24:53,218 - ResourceManager : found result.vm with loader org.apache.velocity.runtime.resource.loader.ClasspathResourceLoader
2015-01-28 16:24:53,218 - ResourceManager : found trueandfalse.vm with loader org.apache.velocity.runtime.resource.loader.ClasspathResourceLoader
2015-01-28 16:24:53,218 - ResourceManager : found main.vm with loader org.apache.velocity.runtime.resource.loader.ClasspathResourceLoader
2015-01-28 16:24:53,218 - ResourceManager : found source.vm with loader org.apache.velocity.runtime.resource.loader.ClasspathResourceLoader
2015-01-28 16:24:53,218 - ResourceManager : found result.vm with loader org.apache.velocity.runtime.resource.loader.ClasspathResourceLoader
2015-01-28 16:24:53,218 - ResourceManager : found trueandfalse.vm with loader org.apache.velocity.runtime.resource.loader.ClasspathResourceLoader
2015-01-28 16:24:53,218 - ResourceManager : found main.vm with loader org.apache.velocity.runtime.resource.loader.ClasspathResourceLoader
2015-01-28 16:24:53,219 - ResourceManager : found source.vm with loader org.apache.velocity.runtime.resource.loader.ClasspathResourceLoader
2015-01-28 16:24:53,219 - ResourceManager : found result.vm with loader org.apache.velocity.runtime.resource.loader.ClasspathResourceLoader
2015-01-28 16:24:53,219 - ResourceManager : found trueandfalse.vm with loader org.apache.velocity.runtime.resource.loader.ClasspathResourceLoader
2015-01-28 16:24:53,219 - ResourceManager : found main.vm with loader org.apache.velocity.runtime.resource.loader.ClasspathResourceLoader
2015-01-28 16:24:53,219 - ResourceManager : found source.vm with loader org.apache.velocity.runtime.resource.loader.ClasspathResourceLoader
2015-01-28 16:24:53,219 - ResourceManager : found result.vm with loader org.apache.velocity.runtime.resource.loader.ClasspathResourceLoader
2015-01-28 16:24:53,219 - ResourceManager : found trueandfalse.vm with loader org.apache.velocity.runtime.resource.loader.ClasspathResourceLoader
2015-01-28 16:24:53,219 - ResourceManager : found main.vm with loader org.apache.velocity.runtime.resource.loader.ClasspathResourceLoader
2015-01-28 16:24:53,219 - ResourceManager : found source.vm with loader org.apache.velocity.runtime.resource.loader.ClasspathResourceLoader
2015-01-28 16:24:53,219 - ResourceManager : found result.vm with loader org.apache.velocity.runtime.resource.loader.ClasspathResourceLoader
2015-01-28 16:24:53,219 - ResourceManager : found trueandfalse.vm with loader org.apache.velocity.runtime.resource.loader.ClasspathResourceLoader
2015-01-28 16:24:53,219 - ResourceManager : found main.vm with loader org.apache.velocity.runtime.resource.loader.ClasspathResourceLoader
2015-01-28 16:24:53,219 - ResourceManager : found source.vm with loader org.apache.velocity.runtime.resource.loader.ClasspathResourceLoader
2015-01-28 16:24:53,220 - ResourceManager : found result.vm with loader org.apache.velocity.runtime.resource.loader.ClasspathResourceLoader
2015-01-28 16:24:53,220 - ResourceManager : found trueandfalse.vm with loader org.apache.velocity.runtime.resource.loader.ClasspathResourceLoader
2015-01-28 16:24:53,220 - ResourceManager : found main.vm with loader org.apache.velocity.runtime.resource.loader.ClasspathResourceLoader
2015-01-28 16:24:53,220 - ResourceManager : found source.vm with loader org.apache.velocity.runtime.resource.loader.ClasspathResourceLoader
2015-01-28 16:24:53,220 - ResourceManager : found result.vm with loader org.apache.velocity.runtime.resource.loader.ClasspathResourceLoader
2015-01-28 16:24:53,220 - ResourceManager : found trueandfalse.vm with loader org.apache.velocity.runtime.resource.loader.ClasspathResourceLoader
2015-01-28 16:24:53,220 - ResourceManager : found main.vm with loader org.apache.velocity.runtime.resource.loader.ClasspathResourceLoader
2015-01-28 16:24:53,220 - ResourceManager : found source.vm with loader org.apache.velocity.runtime.resource.loader.ClasspathResourceLoader
2015-01-28 16:24:53,220 - ResourceManager : found result.vm with loader org.apache.velocity.runtime.resource.loader.ClasspathResourceLoader
2015-01-28 16:24:53,220 - ResourceManager : found trueandfalse.vm with loader org.apache.velocity.runtime.resource.loader.ClasspathResourceLoader
2015-01-28 16:24:53,221 - ResourceManager : found main.vm with loader org.apache.velocity.runtime.resource.loader.ClasspathResourceLoader
2015-01-28 16:24:53,221 - ResourceManager : found source.vm with loader org.apache.velocity.runtime.resource.loader.ClasspathResourceLoader
2015-01-28 16:24:53,221 - ResourceManager : found result.vm with loader org.apache.velocity.runtime.resource.loader.ClasspathResourceLoader
2015-01-28 16:24:53,221 - ResourceManager : found trueandfalse.vm with loader org.apache.velocity.runtime.resource.loader.ClasspathResourceLoader
2015-01-28 16:24:53,221 - ResourceManager : found main.vm with loader org.apache.velocity.runtime.resource.loader.ClasspathResourceLoader
2015-01-28 16:24:53,221 - ResourceManager : found source.vm with loader org.apache.velocity.runtime.resource.loader.ClasspathResourceLoader
2015-01-28 16:24:53,221 - ResourceManager : found result.vm with loader org.apache.velocity.runtime.resource.loader.ClasspathResourceLoader
2015-01-28 16:24:53,221 - ResourceManager : found trueandfalse.vm with loader org.apache.velocity.runtime.resource.loader.ClasspathResourceLoader
2015-01-28 16:24:53,221 - ResourceManager : found main.vm with loader org.apache.velocity.runtime.resource.loader.ClasspathResourceLoader
2015-01-28 16:24:53,221 - ResourceManager : found source.vm with loader org.apache.velocity.runtime.resource.loader.ClasspathResourceLoader
2015-01-28 16:24:53,221 - ResourceManager : found result.vm with loader org.apache.velocity.runtime.resource.loader.ClasspathResourceLoader
2015-01-28 16:24:53,222 - ResourceManager : found trueandfalse.vm with loader org.apache.velocity.runtime.resource.loader.ClasspathResourceLoader
2015-01-28 16:24:53,222 - ResourceManager : found main.vm with loader org.apache.velocity.runtime.resource.loader.ClasspathResourceLoader
2015-01-28 16:24:53,222 - ResourceManager : found source.vm with loader org.apache.velocity.runtime.resource.loader.ClasspathResourceLoader
2015-01-28 16:24:53,222 - ResourceManager : found result.vm with loader org.apache.velocity.runtime.resource.loader.ClasspathResourceLoader
2015-01-28 16:24:53,222 - ResourceManager : found trueandfalse.vm with loader org.apache.velocity.runtime.resource.loader.ClasspathResourceLoader
2015-01-28 16:24:53,222 - ResourceManager : found main.vm with loader org.apache.velocity.runtime.resource.loader.ClasspathResourceLoader
2015-01-28 16:24:53,222 - ResourceManager : found source.vm with loader org.apache.velocity.runtime.resource.loader.ClasspathResourceLoader
2015-01-28 16:24:53,222 - ResourceManager : found result.vm with loader org.apache.velocity.runtime.resource.loader.ClasspathResourceLoader
2015-01-28 16:24:53,222 - ResourceManager : found trueandfalse.vm with loader org.apache.velocity.runtime.resource.loader.ClasspathResourceLoader
2015-01-28 16:24:53,223 - ResourceManager : found main.vm with loader org.apache.velocity.runtime.resource.loader.ClasspathResourceLoader
2015-01-28 16:24:53,223 - ResourceManager : found source.vm with loader org.apache.velocity.runtime.resource.loader.ClasspathResourceLoader
2015-01-28 16:24:53,223 - ResourceManager : found result.vm with loader org.apache.velocity.runtime.resource.loader.ClasspathResourceLoader
2015-01-28 16:24:53,223 - ResourceManager : found trueandfalse.vm with loader org.apache.velocity.runtime.resource.loader.ClasspathResourceLoader
2015-01-28 16:24:53,223 - ResourceManager : found main.vm with loader org.apache.velocity.runtime.resource.loader.ClasspathResourceLoader
2015-01-28 16:24:53,223 - ResourceManager : found source.vm with loader org.apache.velocity.runtime.resource.loader.ClasspathResourceLoader
2015-01-28 16:24:53,223 - ResourceManager : found result.vm with loader org.apache.velocity.runtime.resource.loader.ClasspathResourceLoader
2015-01-28 16:24:53,223 - ResourceManager : found trueandfalse.vm with loader org.apache.velocity.runtime.resource.loader.ClasspathResourceLoader
2015-01-28 16:24:53,223 - ResourceManager : found main.vm with loader org.apache.velocity.runtime.resource.loader.ClasspathResourceLoader
2015-01-28 16:24:53,223 - ResourceManager : found source.vm with loader org.apache.velocity.runtime.resource.loader.ClasspathResourceLoader
2015-01-28 16:24:53,223 - ResourceManager : found result.vm with loader org.apache.velocity.runtime.resource.loader.ClasspathResourceLoader
2015-01-28 16:24:53,223 - ResourceManager : found trueandfalse.vm with loader org.apache.velocity.runtime.resource.loader.ClasspathResourceLoader
2015-01-28 16:24:53,224 - ResourceManager : found main.vm with loader org.apache.velocity.runtime.resource.loader.ClasspathResourceLoader
2015-01-28 16:24:53,224 - ResourceManager : found source.vm with loader org.apache.velocity.runtime.resource.loader.ClasspathResourceLoader
2015-01-28 16:24:53,224 - ResourceManager : found result.vm with loader org.apache.velocity.runtime.resource.loader.ClasspathResourceLoader
2015-01-28 16:24:53,224 - ResourceManager : found trueandfalse.vm with loader org.apache.velocity.runtime.resource.loader.ClasspathResourceLoader
2015-01-28 16:24:53,224 - ResourceManager : found main.vm with loader org.apache.velocity.runtime.resource.loader.ClasspathResourceLoader
2015-01-28 16:24:53,224 - ResourceManager : found source.vm with loader org.apache.velocity.runtime.resource.loader.ClasspathResourceLoader
2015-01-28 16:24:53,224 - ResourceManager : found result.vm with loader org.apache.velocity.runtime.resource.loader.ClasspathResourceLoader
2015-01-28 16:24:53,224 - ResourceManager : found trueandfalse.vm with loader org.apache.velocity.runtime.resource.loader.ClasspathResourceLoader
2015-01-28 16:24:53,224 - ResourceManager : found main.vm with loader org.apache.velocity.runtime.resource.loader.ClasspathResourceLoader
2015-01-28 16:24:53,224 - ResourceManager : found source.vm with loader org.apache.velocity.runtime.resource.loader.ClasspathResourceLoader
2015-01-28 16:24:53,224 - ResourceManager : found result.vm with loader org.apache.velocity.runtime.resource.loader.ClasspathResourceLoader
2015-01-28 16:24:53,224 - ResourceManager : found trueandfalse.vm with loader org.apache.velocity.runtime.resource.loader.ClasspathResourceLoader
2015-01-28 16:24:53,225 - ResourceManager : found main.vm with loader org.apache.velocity.runtime.resource.loader.ClasspathResourceLoader
2015-01-28 16:24:53,225 - ResourceManager : found source.vm with loader org.apache.velocity.runtime.resource.loader.ClasspathResourceLoader
2015-01-28 16:24:53,225 - ResourceManager : found result.vm with loader org.apache.velocity.runtime.resource.loader.ClasspathResourceLoader
2015-01-28 16:24:53,225 - ResourceManager : found trueandfalse.vm with loader org.apache.velocity.runtime.resource.loader.ClasspathResourceLoader
2015-01-28 16:24:53,225 - ResourceManager : found main.vm with loader org.apache.velocity.runtime.resource.loader.ClasspathResourceLoader
2015-01-28 16:24:53,225 - ResourceManager : found source.vm with loader org.apache.velocity.runtime.resource.loader.ClasspathResourceLoader
2015-01-28 16:24:53,225 - ResourceManager : found result.vm with loader org.apache.velocity.runtime.resource.loader.ClasspathResourceLoader
2015-01-28 16:24:53,225 - ResourceManager : found trueandfalse.vm with loader org.apache.velocity.runtime.resource.loader.ClasspathResourceLoader
2015-01-28 16:24:53,225 - ResourceManager : found main.vm with loader org.apache.velocity.runtime.resource.loader.ClasspathResourceLoader
2015-01-28 16:24:53,225 - ResourceManager : found source.vm with loader org.apache.velocity.runtime.resource.loader.ClasspathResourceLoader
2015-01-28 16:24:53,225 - ResourceManager : found result.vm with loader org.apache.velocity.runtime.resource.loader.ClasspathResourceLoader
2015-01-28 16:24:53,225 - ResourceManager : found trueandfalse.vm with loader org.apache.velocity.runtime.resource.loader.ClasspathResourceLoader
2015-01-28 16:24:53,226 - ResourceManager : found main.vm with loader org.apache.velocity.runtime.resource.loader.ClasspathResourceLoader
2015-01-28 16:24:53,226 - ResourceManager : found source.vm with loader org.apache.velocity.runtime.resource.loader.ClasspathResourceLoader
2015-01-28 16:24:53,226 - ResourceManager : found result.vm with loader org.apache.velocity.runtime.resource.loader.ClasspathResourceLoader
2015-01-28 16:24:53,226 - ResourceManager : found trueandfalse.vm with loader org.apache.velocity.runtime.resource.loader.ClasspathResourceLoader
2015-01-28 16:24:53,226 - ResourceManager : found main.vm with loader org.apache.velocity.runtime.resource.loader.ClasspathResourceLoader
2015-01-28 16:24:53,226 - ResourceManager : found source.vm with loader org.apache.velocity.runtime.resource.loader.ClasspathResourceLoader
2015-01-28 16:24:53,226 - ResourceManager : found result.vm with loader org.apache.velocity.runtime.resource.loader.ClasspathResourceLoader
2015-01-28 16:24:53,226 - ResourceManager : found trueandfalse.vm with loader org.apache.velocity.runtime.resource.loader.ClasspathResourceLoader
2015-01-28 16:24:53,226 - ResourceManager : found main.vm with loader org.apache.velocity.runtime.resource.loader.ClasspathResourceLoader
2015-01-28 16:24:53,226 - ResourceManager : found source.vm with loader org.apache.velocity.runtime.resource.loader.ClasspathResourceLoader
2015-01-28 16:24:53,226 - ResourceManager : found result.vm with loader org.apache.velocity.runtime.resource.loader.ClasspathResourceLoader
2015-01-28 16:24:53,227 - ResourceManager : found trueandfalse.vm with loader org.apache.velocity.runtime.resource.loader.ClasspathResourceLoader
2015-01-28 16:24:53,227 - ResourceManager : found main.vm with loader org.apache.velocity.runtime.resource.loader.ClasspathResourceLoader
2015-01-28 16:24:53,227 - ResourceManager : found source.vm with loader org.apache.velocity.runtime.resource.loader.ClasspathResourceLoader
2015-01-28 16:24:53,227 - ResourceManager : found result.vm with loader org.apache.velocity.runtime.resource.loader.ClasspathResourceLoader
2015-01-28 16:24:53,227 - ResourceManager : found trueandfalse.vm with loader org.apache.velocity.runtime.resource.loader.ClasspathResourceLoader
2015-01-28 16:24:53,227 - ResourceManager : found main.vm with loader org.apache.velocity.runtime.resource.loader.ClasspathResourceLoader
2015-01-28 16:24:53,227 - ResourceManager : found source.vm with loader org.apache.velocity.runtime.resource.loader.ClasspathResourceLoader
2015-01-28 16:24:53,227 - ResourceManager : found result.vm with loader org.apache.velocity.runtime.resource.loader.ClasspathResourceLoader
2015-01-28 16:24:53,227 - ResourceManager : found trueandfalse.vm with loader org.apache.velocity.runtime.resource.loader.ClasspathResourceLoader
2015-01-28 16:24:53,227 - ResourceManager : found main.vm with loader org.apache.velocity.runtime.resource.loader.ClasspathResourceLoader
2015-01-28 16:24:53,227 - ResourceManager : found source.vm with loader org.apache.velocity.runtime.resource.loader.ClasspathResourceLoader
2015-01-28 16:24:53,228 - ResourceManager : found result.vm with loader org.apache.velocity.runtime.resource.loader.ClasspathResourceLoader
2015-01-28 16:24:53,228 - ResourceManager : found trueandfalse.vm with loader org.apache.velocity.runtime.resource.loader.ClasspathResourceLoader
2015-01-28 16:24:53,228 - ResourceManager : found main.vm with loader org.apache.velocity.runtime.resource.loader.ClasspathResourceLoader
2015-01-28 16:24:53,228 - ResourceManager : found source.vm with loader org.apache.velocity.runtime.resource.loader.ClasspathResourceLoader
2015-01-28 16:24:53,228 - ResourceManager : found result.vm with loader org.apache.velocity.runtime.resource.loader.ClasspathResourceLoader
2015-01-28 16:24:53,228 - ResourceManager : found trueandfalse.vm with loader org.apache.velocity.runtime.resource.loader.ClasspathResourceLoader
2015-01-28 16:24:53,228 - ResourceManager : found main.vm with loader org.apache.velocity.runtime.resource.loader.ClasspathResourceLoader
2015-01-28 16:24:53,228 - ResourceManager : found source.vm with loader org.apache.velocity.runtime.resource.loader.ClasspathResourceLoader
2015-01-28 16:24:53,228 - ResourceManager : found result.vm with loader org.apache.velocity.runtime.resource.loader.ClasspathResourceLoader
2015-01-28 16:24:53,228 - ResourceManager : found trueandfalse.vm with loader org.apache.velocity.runtime.resource.loader.ClasspathResourceLoader
2015-01-28 16:24:53,228 - ResourceManager : found main.vm with loader org.apache.velocity.runtime.resource.loader.ClasspathResourceLoader
2015-01-28 16:24:53,228 - ResourceManager : found source.vm with loader org.apache.velocity.runtime.resource.loader.ClasspathResourceLoader
2015-01-28 16:24:53,228 - ResourceManager : found result.vm with loader org.apache.velocity.runtime.resource.loader.ClasspathResourceLoader
2015-01-28 16:24:53,229 - ResourceManager : found trueandfalse.vm with loader org.apache.velocity.runtime.resource.loader.ClasspathResourceLoader
2015-01-28 16:24:53,229 - ResourceManager : found main.vm with loader org.apache.velocity.runtime.resource.loader.ClasspathResourceLoader
2015-01-28 16:24:53,229 - ResourceManager : found source.vm with loader org.apache.velocity.runtime.resource.loader.ClasspathResourceLoader
2015-01-28 16:24:53,229 - ResourceManager : found result.vm with loader org.apache.velocity.runtime.resource.loader.ClasspathResourceLoader
2015-01-28 16:24:53,229 - ResourceManager : found trueandfalse.vm with loader org.apache.velocity.runtime.resource.loader.ClasspathResourceLoader
2015-01-28 16:24:53,229 - ResourceManager : found main.vm with loader org.apache.velocity.runtime.resource.loader.ClasspathResourceLoader
2015-01-28 16:24:53,229 - ResourceManager : found source.vm with loader org.apache.velocity.runtime.resource.loader.ClasspathResourceLoader
2015-01-28 16:24:53,229 - ResourceManager : found result.vm with loader org.apache.velocity.runtime.resource.loader.ClasspathResourceLoader
2015-01-28 16:24:53,229 - ResourceManager : found trueandfalse.vm with loader org.apache.velocity.runtime.resource.loader.ClasspathResourceLoader
2015-01-28 16:24:53,229 - ResourceManager : found main.vm with loader org.apache.velocity.runtime.resource.loader.ClasspathResourceLoader
2015-01-28 16:24:53,229 - ResourceManager : found source.vm with loader org.apache.velocity.runtime.resource.loader.ClasspathResourceLoader
2015-01-28 16:24:53,229 - ResourceManager : found result.vm with loader org.apache.velocity.runtime.resource.loader.ClasspathResourceLoader
2015-01-28 16:24:53,229 - ResourceManager : found trueandfalse.vm with loader org.apache.velocity.runtime.resource.loader.ClasspathResourceLoader
2015-01-28 16:24:53,230 - ResourceManager : found main.vm with loader org.apache.velocity.runtime.resource.loader.ClasspathResourceLoader
2015-01-28 16:24:53,230 - ResourceManager : found source.vm with loader org.apache.velocity.runtime.resource.loader.ClasspathResourceLoader
2015-01-28 16:24:53,230 - ResourceManager : found result.vm with loader org.apache.velocity.runtime.resource.loader.ClasspathResourceLoader
2015-01-28 16:24:53,230 - ResourceManager : found trueandfalse.vm with loader org.apache.velocity.runtime.resource.loader.ClasspathResourceLoader
2015-01-28 16:24:53,230 - ResourceManager : found main.vm with loader org.apache.velocity.runtime.resource.loader.ClasspathResourceLoader
2015-01-28 16:24:53,230 - ResourceManager : found source.vm with loader org.apache.velocity.runtime.resource.loader.ClasspathResourceLoader
2015-01-28 16:24:53,230 - ResourceManager : found result.vm with loader org.apache.velocity.runtime.resource.loader.ClasspathResourceLoader
2015-01-28 16:24:53,230 - ResourceManager : found trueandfalse.vm with loader org.apache.velocity.runtime.resource.loader.ClasspathResourceLoader
2015-01-28 16:24:53,230 - ResourceManager : found main.vm with loader org.apache.velocity.runtime.resource.loader.ClasspathResourceLoader
2015-01-28 16:24:53,230 - ResourceManager : found source.vm with loader org.apache.velocity.runtime.resource.loader.ClasspathResourceLoader
2015-01-28 16:24:53,230 - ResourceManager : found result.vm with loader org.apache.velocity.runtime.resource.loader.ClasspathResourceLoader
2015-01-28 16:24:53,230 - ResourceManager : found trueandfalse.vm with loader org.apache.velocity.runtime.resource.loader.ClasspathResourceLoader
2015-01-28 16:24:53,231 - ResourceManager : found main.vm with loader org.apache.velocity.runtime.resource.loader.ClasspathResourceLoader
2015-01-28 16:24:53,231 - ResourceManager : found source.vm with loader org.apache.velocity.runtime.resource.loader.ClasspathResourceLoader
2015-01-28 16:24:53,231 - ResourceManager : found result.vm with loader org.apache.velocity.runtime.resource.loader.ClasspathResourceLoader
2015-01-28 16:24:53,231 - ResourceManager : found trueandfalse.vm with loader org.apache.velocity.runtime.resource.loader.ClasspathResourceLoader
2015-01-28 16:24:53,231 - ResourceManager : found main.vm with loader org.apache.velocity.runtime.resource.loader.ClasspathResourceLoader
2015-01-28 16:24:53,231 - ResourceManager : found source.vm with loader org.apache.velocity.runtime.resource.loader.ClasspathResourceLoader
2015-01-28 16:24:53,231 - ResourceManager : found result.vm with loader org.apache.velocity.runtime.resource.loader.ClasspathResourceLoader
2015-01-28 16:24:53,231 - ResourceManager : found trueandfalse.vm with loader org.apache.velocity.runtime.resource.loader.ClasspathResourceLoader
2015-01-28 16:24:53,231 - ResourceManager : found main.vm with loader org.apache.velocity.runtime.resource.loader.ClasspathResourceLoader
2015-01-28 16:24:53,231 - ResourceManager : found source.vm with loader org.apache.velocity.runtime.resource.loader.ClasspathResourceLoader
2015-01-28 16:24:53,231 - ResourceManager : found result.vm with loader org.apache.velocity.runtime.resource.loader.ClasspathResourceLoader
2015-01-28 16:24:53,232 - ResourceManager : found trueandfalse.vm with loader org.apache.velocity.runtime.resource.loader.ClasspathResourceLoader
2015-01-28 16:24:53,232 - ResourceManager : found main.vm with loader org.apache.velocity.runtime.resource.loader.ClasspathResourceLoader
2015-01-28 16:24:53,232 - ResourceManager : found source.vm with loader org.apache.velocity.runtime.resource.loader.ClasspathResourceLoader
2015-01-28 16:24:53,232 - ResourceManager : found result.vm with loader org.apache.velocity.runtime.resource.loader.ClasspathResourceLoader
2015-01-28 16:24:53,232 - ResourceManager : found trueandfalse.vm with loader org.apache.velocity.runtime.resource.loader.ClasspathResourceLoader
2015-01-28 16:24:53,232 - ResourceManager : found main.vm with loader org.apache.velocity.runtime.resource.loader.ClasspathResourceLoader
2015-01-28 16:24:53,232 - ResourceManager : found source.vm with loader org.apache.velocity.runtime.resource.loader.ClasspathResourceLoader
2015-01-28 16:24:53,232 - ResourceManager : found result.vm with loader org.apache.velocity.runtime.resource.loader.ClasspathResourceLoader
2015-01-28 16:24:53,232 - ResourceManager : found trueandfalse.vm with loader org.apache.velocity.runtime.resource.loader.ClasspathResourceLoader
2015-01-28 16:24:53,233 - ResourceManager : found main.vm with loader org.apache.velocity.runtime.resource.loader.ClasspathResourceLoader
2015-01-28 16:24:53,233 - ResourceManager : found source.vm with loader org.apache.velocity.runtime.resource.loader.ClasspathResourceLoader
2015-01-28 16:24:53,233 - ResourceManager : found result.vm with loader org.apache.velocity.runtime.resource.loader.ClasspathResourceLoader
2015-01-28 16:24:53,233 - ResourceManager : found trueandfalse.vm with loader org.apache.velocity.runtime.resource.loader.ClasspathResourceLoader
2015-01-28 16:24:53,233 - ResourceManager : found main.vm with loader org.apache.velocity.runtime.resource.loader.ClasspathResourceLoader
2015-01-28 16:24:53,233 - ResourceManager : found source.vm with loader org.apache.velocity.runtime.resource.loader.ClasspathResourceLoader
2015-01-28 16:24:53,233 - ResourceManager : found result.vm with loader org.apache.velocity.runtime.resource.loader.ClasspathResourceLoader
2015-01-28 16:24:53,233 - ResourceManager : found trueandfalse.vm with loader org.apache.velocity.runtime.resource.loader.ClasspathResourceLoader
2015-01-28 16:24:53,233 - ResourceManager : found main.vm with loader org.apache.velocity.runtime.resource.loader.ClasspathResourceLoader
2015-01-28 16:24:53,233 - ResourceManager : found source.vm with loader org.apache.velocity.runtime.resource.loader.ClasspathResourceLoader
2015-01-28 16:24:53,233 - ResourceManager : found result.vm with loader org.apache.velocity.runtime.resource.loader.ClasspathResourceLoader
2015-01-28 16:24:53,233 - ResourceManager : found trueandfalse.vm with loader org.apache.velocity.runtime.resource.loader.ClasspathResourceLoader
2015-01-28 16:24:53,233 - ResourceManager : found main.vm with loader org.apache.velocity.runtime.resource.loader.ClasspathResourceLoader
2015-01-28 16:24:53,234 - ResourceManager : found source.vm with loader org.apache.velocity.runtime.resource.loader.ClasspathResourceLoader
2015-01-28 16:24:53,234 - ResourceManager : found result.vm with loader org.apache.velocity.runtime.resource.loader.ClasspathResourceLoader
2015-01-28 16:24:53,234 - ResourceManager : found trueandfalse.vm with loader org.apache.velocity.runtime.resource.loader.ClasspathResourceLoader
2015-01-28 16:24:53,234 - ResourceManager : found main.vm with loader org.apache.velocity.runtime.resource.loader.ClasspathResourceLoader
2015-01-28 16:24:53,234 - ResourceManager : found source.vm with loader org.apache.velocity.runtime.resource.loader.ClasspathResourceLoader
2015-01-28 16:24:53,234 - ResourceManager : found result.vm with loader org.apache.velocity.runtime.resource.loader.ClasspathResourceLoader
2015-01-28 16:24:53,234 - ResourceManager : found trueandfalse.vm with loader org.apache.velocity.runtime.resource.loader.ClasspathResourceLoader
2015-01-28 16:24:53,234 - ResourceManager : found main.vm with loader org.apache.velocity.runtime.resource.loader.ClasspathResourceLoader
2015-01-28 16:24:53,234 - ResourceManager : found source.vm with loader org.apache.velocity.runtime.resource.loader.ClasspathResourceLoader
2015-01-28 16:24:53,234 - ResourceManager : found result.vm with loader org.apache.velocity.runtime.resource.loader.ClasspathResourceLoader
2015-01-28 16:24:53,234 - ResourceManager : found trueandfalse.vm with loader org.apache.velocity.runtime.resource.loader.ClasspathResourceLoader
2015-01-28 16:24:53,234 - ResourceManager : found main.vm with loader org.apache.velocity.runtime.resource.loader.ClasspathResourceLoader
2015-01-28 16:24:53,234 - ResourceManager : found source.vm with loader org.apache.velocity.runtime.resource.loader.ClasspathResourceLoader
2015-01-28 16:24:53,234 - ResourceManager : found result.vm with loader org.apache.velocity.runtime.resource.loader.ClasspathResourceLoader
2015-01-28 16:24:53,235 - ResourceManager : found trueandfalse.vm with loader org.apache.velocity.runtime.resource.loader.ClasspathResourceLoader
2015-01-28 16:24:53,235 - ResourceManager : found main.vm with loader org.apache.velocity.runtime.resource.loader.ClasspathResourceLoader
2015-01-28 16:24:53,235 - ResourceManager : found source.vm with loader org.apache.velocity.runtime.resource.loader.ClasspathResourceLoader
2015-01-28 16:24:53,235 - ResourceManager : found result.vm with loader org.apache.velocity.runtime.resource.loader.ClasspathResourceLoader
2015-01-28 16:24:53,235 - ResourceManager : found trueandfalse.vm with loader org.apache.velocity.runtime.resource.loader.ClasspathResourceLoader
2015-01-28 16:24:53,235 - ResourceManager : found main.vm with loader org.apache.velocity.runtime.resource.loader.ClasspathResourceLoader
2015-01-28 16:24:53,235 - ResourceManager : found source.vm with loader org.apache.velocity.runtime.resource.loader.ClasspathResourceLoader
2015-01-28 16:24:53,235 - ResourceManager : found result.vm with loader org.apache.velocity.runtime.resource.loader.ClasspathResourceLoader
2015-01-28 16:24:53,235 - ResourceManager : found trueandfalse.vm with loader org.apache.velocity.runtime.resource.loader.ClasspathResourceLoader
2015-01-28 16:24:53,235 - ResourceManager : found main.vm with loader org.apache.velocity.runtime.resource.loader.ClasspathResourceLoader
2015-01-28 16:24:53,236 - ResourceManager : found source.vm with loader org.apache.velocity.runtime.resource.loader.ClasspathResourceLoader
2015-01-28 16:24:53,236 - ResourceManager : found result.vm with loader org.apache.velocity.runtime.resource.loader.ClasspathResourceLoader
2015-01-28 16:24:53,236 - ResourceManager : found trueandfalse.vm with loader org.apache.velocity.runtime.resource.loader.ClasspathResourceLoader
2015-01-28 16:24:53,236 - ResourceManager : found main.vm with loader org.apache.velocity.runtime.resource.loader.ClasspathResourceLoader
2015-01-28 16:24:53,236 - ResourceManager : found source.vm with loader org.apache.velocity.runtime.resource.loader.ClasspathResourceLoader
2015-01-28 16:24:53,236 - ResourceManager : found result.vm with loader org.apache.velocity.runtime.resource.loader.ClasspathResourceLoader
2015-01-28 16:24:53,236 - ResourceManager : found trueandfalse.vm with loader org.apache.velocity.runtime.resource.loader.ClasspathResourceLoader
2015-01-28 16:24:53,236 - ResourceManager : found main.vm with loader org.apache.velocity.runtime.resource.loader.ClasspathResourceLoader
2015-01-28 16:24:53,236 - ResourceManager : found source.vm with loader org.apache.velocity.runtime.resource.loader.ClasspathResourceLoader
2015-01-28 16:24:53,236 - ResourceManager : found result.vm with loader org.apache.velocity.runtime.resource.loader.ClasspathResourceLoader
2015-01-28 16:24:53,236 - ResourceManager : found trueandfalse.vm with loader org.apache.velocity.runtime.resource.loader.ClasspathResourceLoader
2015-01-28 16:24:53,237 - ResourceManager : found main.vm with loader org.apache.velocity.runtime.resource.loader.ClasspathResourceLoader
2015-01-28 16:24:53,237 - ResourceManager : found source.vm with loader org.apache.velocity.runtime.resource.loader.ClasspathResourceLoader
2015-01-28 16:24:53,237 - ResourceManager : found result.vm with loader org.apache.velocity.runtime.resource.loader.ClasspathResourceLoader
2015-01-28 16:24:53,237 - ResourceManager : found trueandfalse.vm with loader org.apache.velocity.runtime.resource.loader.ClasspathResourceLoader
2015-01-28 16:24:53,237 - ResourceManager : found main.vm with loader org.apache.velocity.runtime.resource.loader.ClasspathResourceLoader
2015-01-28 16:24:53,237 - ResourceManager : found source.vm with loader org.apache.velocity.runtime.resource.loader.ClasspathResourceLoader
2015-01-28 16:24:53,237 - ResourceManager : found result.vm with loader org.apache.velocity.runtime.resource.loader.ClasspathResourceLoader
2015-01-28 16:24:53,237 - ResourceManager : found trueandfalse.vm with loader org.apache.velocity.runtime.resource.loader.ClasspathResourceLoader
2015-01-28 16:24:53,237 - ResourceManager : found main.vm with loader org.apache.velocity.runtime.resource.loader.ClasspathResourceLoader
2015-01-28 16:24:53,237 - ResourceManager : found source.vm with loader org.apache.velocity.runtime.resource.loader.ClasspathResourceLoader
2015-01-28 16:24:53,238 - ResourceManager : found result.vm with loader org.apache.velocity.runtime.resource.loader.ClasspathResourceLoader
2015-01-28 16:24:53,238 - ResourceManager : found trueandfalse.vm with loader org.apache.velocity.runtime.resource.loader.ClasspathResourceLoader
2015-01-28 16:24:53,238 - ResourceManager : found main.vm with loader org.apache.velocity.runtime.resource.loader.ClasspathResourceLoader
2015-01-28 16:24:53,238 - ResourceManager : found source.vm with loader org.apache.velocity.runtime.resource.loader.ClasspathResourceLoader
2015-01-28 16:24:53,238 - ResourceManager : found result.vm with loader org.apache.velocity.runtime.resource.loader.ClasspathResourceLoader
2015-01-28 16:24:53,238 - ResourceManager : found trueandfalse.vm with loader org.apache.velocity.runtime.resource.loader.ClasspathResourceLoader
2015-01-28 16:24:53,238 - ResourceManager : found main.vm with loader org.apache.velocity.runtime.resource.loader.ClasspathResourceLoader
2015-01-28 16:24:53,238 - ResourceManager : found source.vm with loader org.apache.velocity.runtime.resource.loader.ClasspathResourceLoader
2015-01-28 16:24:53,238 - ResourceManager : found result.vm with loader org.apache.velocity.runtime.resource.loader.ClasspathResourceLoader
2015-01-28 16:24:53,238 - ResourceManager : found trueandfalse.vm with loader org.apache.velocity.runtime.resource.loader.ClasspathResourceLoader
2015-01-28 16:24:53,239 - ResourceManager : found main.vm with loader org.apache.velocity.runtime.resource.loader.ClasspathResourceLoader
2015-01-28 16:24:53,239 - ResourceManager : found source.vm with loader org.apache.velocity.runtime.resource.loader.ClasspathResourceLoader
2015-01-28 16:24:53,239 - ResourceManager : found result.vm with loader org.apache.velocity.runtime.resource.loader.ClasspathResourceLoader
2015-01-28 16:24:53,239 - ResourceManager : found trueandfalse.vm with loader org.apache.velocity.runtime.resource.loader.ClasspathResourceLoader
2015-01-28 16:24:53,239 - ResourceManager : found main.vm with loader org.apache.velocity.runtime.resource.loader.ClasspathResourceLoader
2015-01-28 16:24:53,239 - ResourceManager : found source.vm with loader org.apache.velocity.runtime.resource.loader.ClasspathResourceLoader
2015-01-28 16:24:53,239 - ResourceManager : found result.vm with loader org.apache.velocity.runtime.resource.loader.ClasspathResourceLoader
2015-01-28 16:24:53,239 - ResourceManager : found trueandfalse.vm with loader org.apache.velocity.runtime.resource.loader.ClasspathResourceLoader
2015-01-28 16:24:53,239 - ResourceManager : found main.vm with loader org.apache.velocity.runtime.resource.loader.ClasspathResourceLoader
2015-01-28 16:24:53,239 - ResourceManager : found source.vm with loader org.apache.velocity.runtime.resource.loader.ClasspathResourceLoader
2015-01-28 16:24:53,239 - ResourceManager : found result.vm with loader org.apache.velocity.runtime.resource.loader.ClasspathResourceLoader
2015-01-28 16:24:53,239 - ResourceManager : found trueandfalse.vm with loader org.apache.velocity.runtime.resource.loader.ClasspathResourceLoader
2015-01-28 16:24:53,240 - ResourceManager : found main.vm with loader org.apache.velocity.runtime.resource.loader.ClasspathResourceLoader
2015-01-28 16:24:53,240 - ResourceManager : found source.vm with loader org.apache.velocity.runtime.resource.loader.ClasspathResourceLoader
2015-01-28 16:24:53,240 - ResourceManager : found result.vm with loader org.apache.velocity.runtime.resource.loader.ClasspathResourceLoader
2015-01-28 16:24:53,240 - ResourceManager : found trueandfalse.vm with loader org.apache.velocity.runtime.resource.loader.ClasspathResourceLoader
2015-01-28 16:24:53,240 - ResourceManager : found main.vm with loader org.apache.velocity.runtime.resource.loader.ClasspathResourceLoader
2015-01-28 16:24:53,240 - ResourceManager : found source.vm with loader org.apache.velocity.runtime.resource.loader.ClasspathResourceLoader
2015-01-28 16:24:53,240 - ResourceManager : found result.vm with loader org.apache.velocity.runtime.resource.loader.ClasspathResourceLoader
2015-01-28 16:24:53,240 - ResourceManager : found trueandfalse.vm with loader org.apache.velocity.runtime.resource.loader.ClasspathResourceLoader
2015-01-28 16:24:53,240 - ResourceManager : found main.vm with loader org.apache.velocity.runtime.resource.loader.ClasspathResourceLoader
2015-01-28 16:24:53,240 - ResourceManager : found source.vm with loader org.apache.velocity.runtime.resource.loader.ClasspathResourceLoader
2015-01-28 16:24:53,240 - ResourceManager : found result.vm with loader org.apache.velocity.runtime.resource.loader.ClasspathResourceLoader
2015-01-28 16:24:53,240 - ResourceManager : found trueandfalse.vm with loader org.apache.velocity.runtime.resource.loader.ClasspathResourceLoader
2015-01-28 16:24:53,240 - ResourceManager : found main.vm with loader org.apache.velocity.runtime.resource.loader.ClasspathResourceLoader
2015-01-28 16:24:53,240 - ResourceManager : found source.vm with loader org.apache.velocity.runtime.resource.loader.ClasspathResourceLoader
2015-01-28 16:24:53,241 - ResourceManager : found result.vm with loader org.apache.velocity.runtime.resource.loader.ClasspathResourceLoader
2015-01-28 16:24:53,241 - ResourceManager : found trueandfalse.vm with loader org.apache.velocity.runtime.resource.loader.ClasspathResourceLoader
2015-01-28 16:24:53,241 - ResourceManager : found main.vm with loader org.apache.velocity.runtime.resource.loader.ClasspathResourceLoader
2015-01-28 16:24:53,241 - ResourceManager : found source.vm with loader org.apache.velocity.runtime.resource.loader.ClasspathResourceLoader
2015-01-28 16:24:53,241 - ResourceManager : found result.vm with loader org.apache.velocity.runtime.resource.loader.ClasspathResourceLoader
2015-01-28 16:24:53,241 - ResourceManager : found trueandfalse.vm with loader org.apache.velocity.runtime.resource.loader.ClasspathResourceLoader
2015-01-28 16:24:53,241 - ResourceManager : found main.vm with loader org.apache.velocity.runtime.resource.loader.ClasspathResourceLoader
2015-01-28 16:24:53,241 - ResourceManager : found source.vm with loader org.apache.velocity.runtime.resource.loader.ClasspathResourceLoader
2015-01-28 16:24:53,241 - ResourceManager : found result.vm with loader org.apache.velocity.runtime.resource.loader.ClasspathResourceLoader
2015-01-28 16:24:53,241 - ResourceManager : found trueandfalse.vm with loader org.apache.velocity.runtime.resource.loader.ClasspathResourceLoader
2015-01-28 16:24:53,242 - ResourceManager : found main.vm with loader org.apache.velocity.runtime.resource.loader.ClasspathResourceLoader
2015-01-28 16:24:53,242 - ResourceManager : found source.vm with loader org.apache.velocity.runtime.resource.loader.ClasspathResourceLoader
2015-01-28 16:24:53,242 - ResourceManager : found result.vm with loader org.apache.velocity.runtime.resource.loader.ClasspathResourceLoader
2015-01-28 16:24:53,242 - ResourceManager : found trueandfalse.vm with loader org.apache.velocity.runtime.resource.loader.ClasspathResourceLoader
2015-01-28 16:24:53,242 - ResourceManager : found main.vm with loader org.apache.velocity.runtime.resource.loader.ClasspathResourceLoader
2015-01-28 16:24:53,242 - ResourceManager : found source.vm with loader org.apache.velocity.runtime.resource.loader.ClasspathResourceLoader
2015-01-28 16:24:53,242 - ResourceManager : found result.vm with loader org.apache.velocity.runtime.resource.loader.ClasspathResourceLoader
2015-01-28 16:24:53,242 - ResourceManager : found trueandfalse.vm with loader org.apache.velocity.runtime.resource.loader.ClasspathResourceLoader
2015-01-28 16:24:53,242 - ResourceManager : found main.vm with loader org.apache.velocity.runtime.resource.loader.ClasspathResourceLoader
2015-01-28 16:24:53,242 - ResourceManager : found source.vm with loader org.apache.velocity.runtime.resource.loader.ClasspathResourceLoader
2015-01-28 16:24:53,242 - ResourceManager : found result.vm with loader org.apache.velocity.runtime.resource.loader.ClasspathResourceLoader
2015-01-28 16:24:53,242 - ResourceManager : found trueandfalse.vm with loader org.apache.velocity.runtime.resource.loader.ClasspathResourceLoader
2015-01-28 16:24:53,243 - ResourceManager : found main.vm with loader org.apache.velocity.runtime.resource.loader.ClasspathResourceLoader
2015-01-28 16:24:53,243 - ResourceManager : found source.vm with loader org.apache.velocity.runtime.resource.loader.ClasspathResourceLoader
2015-01-28 16:24:53,243 - ResourceManager : found result.vm with loader org.apache.velocity.runtime.resource.loader.ClasspathResourceLoader
2015-01-28 16:24:53,243 - ResourceManager : found trueandfalse.vm with loader org.apache.velocity.runtime.resource.loader.ClasspathResourceLoader
2015-01-28 16:24:53,243 - ResourceManager : found main.vm with loader org.apache.velocity.runtime.resource.loader.ClasspathResourceLoader
2015-01-28 16:24:53,243 - ResourceManager : found source.vm with loader org.apache.velocity.runtime.resource.loader.ClasspathResourceLoader
2015-01-28 16:24:53,243 - ResourceManager : found result.vm with loader org.apache.velocity.runtime.resource.loader.ClasspathResourceLoader
2015-01-28 16:24:53,243 - ResourceManager : found trueandfalse.vm with loader org.apache.velocity.runtime.resource.loader.ClasspathResourceLoader
2015-01-28 16:24:53,243 - ResourceManager : found main.vm with loader org.apache.velocity.runtime.resource.loader.ClasspathResourceLoader
2015-01-28 16:24:53,243 - ResourceManager : found source.vm with loader org.apache.velocity.runtime.resource.loader.ClasspathResourceLoader
2015-01-28 16:24:53,244 - ResourceManager : found result.vm with loader org.apache.velocity.runtime.resource.loader.ClasspathResourceLoader
2015-01-28 16:24:53,244 - ResourceManager : found trueandfalse.vm with loader org.apache.velocity.runtime.resource.loader.ClasspathResourceLoader
2015-01-28 16:24:53,244 - ResourceManager : found main.vm with loader org.apache.velocity.runtime.resource.loader.ClasspathResourceLoader
2015-01-28 16:24:53,244 - ResourceManager : found source.vm with loader org.apache.velocity.runtime.resource.loader.ClasspathResourceLoader
2015-01-28 16:24:53,244 - ResourceManager : found result.vm with loader org.apache.velocity.runtime.resource.loader.ClasspathResourceLoader
2015-01-28 16:24:53,244 - ResourceManager : found trueandfalse.vm with loader org.apache.velocity.runtime.resource.loader.ClasspathResourceLoader
2015-01-28 16:24:53,244 - ResourceManager : found main.vm with loader org.apache.velocity.runtime.resource.loader.ClasspathResourceLoader
2015-01-28 16:24:53,244 - ResourceManager : found source.vm with loader org.apache.velocity.runtime.resource.loader.ClasspathResourceLoader
2015-01-28 16:24:53,244 - ResourceManager : found result.vm with loader org.apache.velocity.runtime.resource.loader.ClasspathResourceLoader
2015-01-28 16:24:53,244 - ResourceManager : found trueandfalse.vm with loader org.apache.velocity.runtime.resource.loader.ClasspathResourceLoader
2015-01-28 16:24:53,244 - ResourceManager : found main.vm with loader org.apache.velocity.runtime.resource.loader.ClasspathResourceLoader
2015-01-28 16:24:53,244 - ResourceManager : found source.vm with loader org.apache.velocity.runtime.resource.loader.ClasspathResourceLoader
2015-01-28 16:24:53,244 - ResourceManager : found result.vm with loader org.apache.velocity.runtime.resource.loader.ClasspathResourceLoader
2015-01-28 16:24:53,244 - ResourceManager : found trueandfalse.vm with loader org.apache.velocity.runtime.resource.loader.ClasspathResourceLoader
2015-01-28 16:24:53,245 - ResourceManager : found main.vm with loader org.apache.velocity.runtime.resource.loader.ClasspathResourceLoader
2015-01-28 16:24:53,245 - ResourceManager : found source.vm with loader org.apache.velocity.runtime.resource.loader.ClasspathResourceLoader
2015-01-28 16:24:53,245 - ResourceManager : found result.vm with loader org.apache.velocity.runtime.resource.loader.ClasspathResourceLoader
2015-01-28 16:24:53,245 - ResourceManager : found trueandfalse.vm with loader org.apache.velocity.runtime.resource.loader.ClasspathResourceLoader
2015-01-28 16:24:53,245 - ResourceManager : found main.vm with loader org.apache.velocity.runtime.resource.loader.ClasspathResourceLoader
2015-01-28 16:24:53,245 - ResourceManager : found source.vm with loader org.apache.velocity.runtime.resource.loader.ClasspathResourceLoader
2015-01-28 16:24:53,245 - ResourceManager : found result.vm with loader org.apache.velocity.runtime.resource.loader.ClasspathResourceLoader
2015-01-28 16:24:53,245 - ResourceManager : found trueandfalse.vm with loader org.apache.velocity.runtime.resource.loader.ClasspathResourceLoader
2015-01-28 16:24:53,246 - ResourceManager : found main.vm with loader org.apache.velocity.runtime.resource.loader.ClasspathResourceLoader
2015-01-28 16:24:53,246 - ResourceManager : found source.vm with loader org.apache.velocity.runtime.resource.loader.ClasspathResourceLoader
2015-01-28 16:24:53,246 - ResourceManager : found result.vm with loader org.apache.velocity.runtime.resource.loader.ClasspathResourceLoader
2015-01-28 16:24:53,246 - ResourceManager : found trueandfalse.vm with loader org.apache.velocity.runtime.resource.loader.ClasspathResourceLoader
2015-01-28 16:24:53,246 - ResourceManager : found main.vm with loader org.apache.velocity.runtime.resource.loader.ClasspathResourceLoader
2015-01-28 16:24:53,246 - ResourceManager : found source.vm with loader org.apache.velocity.runtime.resource.loader.ClasspathResourceLoader
2015-01-28 16:24:53,246 - ResourceManager : found result.vm with loader org.apache.velocity.runtime.resource.loader.ClasspathResourceLoader
2015-01-28 16:24:53,246 - ResourceManager : found trueandfalse.vm with loader org.apache.velocity.runtime.resource.loader.ClasspathResourceLoader
2015-01-28 16:24:53,246 - ResourceManager : found main.vm with loader org.apache.velocity.runtime.resource.loader.ClasspathResourceLoader
2015-01-28 16:24:53,246 - ResourceManager : found source.vm with loader org.apache.velocity.runtime.resource.loader.ClasspathResourceLoader
2015-01-28 16:24:53,246 - ResourceManager : found result.vm with loader org.apache.velocity.runtime.resource.loader.ClasspathResourceLoader
2015-01-28 16:24:53,246 - ResourceManager : found trueandfalse.vm with loader org.apache.velocity.runtime.resource.loader.ClasspathResourceLoader
2015-01-28 16:24:53,247 - ResourceManager : found main.vm with loader org.apache.velocity.runtime.resource.loader.ClasspathResourceLoader
2015-01-28 16:24:53,247 - ResourceManager : found source.vm with loader org.apache.velocity.runtime.resource.loader.ClasspathResourceLoader
2015-01-28 16:24:53,247 - ResourceManager : found result.vm with loader org.apache.velocity.runtime.resource.loader.ClasspathResourceLoader
2015-01-28 16:24:53,247 - ResourceManager : found trueandfalse.vm with loader org.apache.velocity.runtime.resource.loader.ClasspathResourceLoader
2015-01-28 16:24:53,247 - ResourceManager : found main.vm with loader org.apache.velocity.runtime.resource.loader.ClasspathResourceLoader
2015-01-28 16:24:53,247 - ResourceManager : found source.vm with loader org.apache.velocity.runtime.resource.loader.ClasspathResourceLoader
2015-01-28 16:24:53,247 - ResourceManager : found result.vm with loader org.apache.velocity.runtime.resource.loader.ClasspathResourceLoader
2015-01-28 16:24:53,247 - ResourceManager : found trueandfalse.vm with loader org.apache.velocity.runtime.resource.loader.ClasspathResourceLoader
2015-01-28 16:24:53,247 - ResourceManager : found main.vm with loader org.apache.velocity.runtime.resource.loader.ClasspathResourceLoader
2015-01-28 16:24:53,247 - ResourceManager : found source.vm with loader org.apache.velocity.runtime.resource.loader.ClasspathResourceLoader
2015-01-28 16:24:53,247 - ResourceManager : found result.vm with loader org.apache.velocity.runtime.resource.loader.ClasspathResourceLoader
2015-01-28 16:24:53,247 - ResourceManager : found trueandfalse.vm with loader org.apache.velocity.runtime.resource.loader.ClasspathResourceLoader
2015-01-28 16:24:53,248 - ResourceManager : found main.vm with loader org.apache.velocity.runtime.resource.loader.ClasspathResourceLoader
2015-01-28 16:24:53,248 - ResourceManager : found source.vm with loader org.apache.velocity.runtime.resource.loader.ClasspathResourceLoader
2015-01-28 16:24:53,248 - ResourceManager : found result.vm with loader org.apache.velocity.runtime.resource.loader.ClasspathResourceLoader
2015-01-28 16:24:53,248 - ResourceManager : found trueandfalse.vm with loader org.apache.velocity.runtime.resource.loader.ClasspathResourceLoader
2015-01-28 16:24:53,248 - ResourceManager : found main.vm with loader org.apache.velocity.runtime.resource.loader.ClasspathResourceLoader
2015-01-28 16:24:53,248 - ResourceManager : found source.vm with loader org.apache.velocity.runtime.resource.loader.ClasspathResourceLoader
2015-01-28 16:24:53,248 - ResourceManager : found result.vm with loader org.apache.velocity.runtime.resource.loader.ClasspathResourceLoader
2015-01-28 16:24:53,248 - ResourceManager : found trueandfalse.vm with loader org.apache.velocity.runtime.resource.loader.ClasspathResourceLoader
2015-01-28 16:24:53,248 - ResourceManager : found main.vm with loader org.apache.velocity.runtime.resource.loader.ClasspathResourceLoader
2015-01-28 16:24:53,248 - ResourceManager : found source.vm with loader org.apache.velocity.runtime.resource.loader.ClasspathResourceLoader
2015-01-28 16:24:53,248 - ResourceManager : found result.vm with loader org.apache.velocity.runtime.resource.loader.ClasspathResourceLoader
2015-01-28 16:24:53,248 - ResourceManager : found trueandfalse.vm with loader org.apache.velocity.runtime.resource.loader.ClasspathResourceLoader
2015-01-28 16:24:53,249 - ResourceManager : found main.vm with loader org.apache.velocity.runtime.resource.loader.ClasspathResourceLoader
2015-01-28 16:24:53,249 - ResourceManager : found source.vm with loader org.apache.velocity.runtime.resource.loader.ClasspathResourceLoader
2015-01-28 16:24:53,249 - ResourceManager : found result.vm with loader org.apache.velocity.runtime.resource.loader.ClasspathResourceLoader
2015-01-28 16:24:53,249 - ResourceManager : found trueandfalse.vm with loader org.apache.velocity.runtime.resource.loader.ClasspathResourceLoader
2015-01-28 16:24:53,249 - ResourceManager : found main.vm with loader org.apache.velocity.runtime.resource.loader.ClasspathResourceLoader
2015-01-28 16:24:53,249 - ResourceManager : found source.vm with loader org.apache.velocity.runtime.resource.loader.ClasspathResourceLoader
2015-01-28 16:24:53,249 - ResourceManager : found result.vm with loader org.apache.velocity.runtime.resource.loader.ClasspathResourceLoader
2015-01-28 16:24:53,249 - ResourceManager : found trueandfalse.vm with loader org.apache.velocity.runtime.resource.loader.ClasspathResourceLoader
2015-01-28 16:24:53,329 - ResourceManager : found stastic.vm with loader org.apache.velocity.runtime.resource.loader.ClasspathResourceLoader
